<?xml version="1.0" encoding="UTF-8"?>
<!-- Generated by org.testng.reporters.JUnitXMLReporter -->
<testsuite hostname="DESKTOP-U11RFUB" ignored="0" name="Test" tests="1" failures="0" timestamp="07 Sep 2022 13:06:40 GMT" time="2.712" errors="0">
  <testcase name="@BeforeMethod setUP" time="2.646" classname="testpackage.ActiTimeLogin">
    <failure type="org.openqa.selenium.SessionNotCreatedException" message="session not created: This version of ChromeDriver only supports Chrome version 103
Current browser version is 105.0.5195.102 with binary path C:\Program Files\Google\Chrome\Application\chrome.exe
Build info: version: &amp;apos;3.141.59&amp;apos;, revision: &amp;apos;e82be7d358&amp;apos;, time: &amp;apos;2018-11-14T08:17:03&amp;apos;
System info: host: &amp;apos;DESKTOP-U11RFUB&amp;apos;, ip: &amp;apos;192.168.0.107&amp;apos;, os.name: &amp;apos;Windows 10&amp;apos;, os.arch: &amp;apos;amd64&amp;apos;, os.version: &amp;apos;10.0&amp;apos;, java.version: &amp;apos;1.8.0_181&amp;apos;
Driver info: driver.version: ChromeDriver
remote stacktrace: Backtrace:
	Ordinal0 [0x009B5FD3+2187219]
	Ordinal0 [0x0094E6D1+1763025]
	Ordinal0 [0x00863E78+802424]
	Ordinal0 [0x008851F9+938489]
	Ordinal0 [0x00880DDC+921052]
	Ordinal0 [0x0087E691+910993]
	Ordinal0 [0x008B17F0+1120240]
	Ordinal0 [0x008B144A+1119306]
	Ordinal0 [0x008AC9A6+1100198]
	Ordinal0 [0x00886F80+946048]
	Ordinal0 [0x00887E76+949878]
	GetHandleVerifier [0x00C590C2+2721218]
	GetHandleVerifier [0x00C4AAF0+2662384]
	GetHandleVerifier [0x00A4137A+526458]
	GetHandleVerifier [0x00A40416+522518]
	Ordinal0 [0x00954EAB+1789611]
	Ordinal0 [0x009597A8+1808296]
	Ordinal0 [0x00959895+1808533]
	Ordinal0 [0x009626C1+1844929]
	BaseThreadInitThunk [0x76CEFA29+25]
	RtlGetAppContainerNamedObjectPath [0x77AD7A9E+286]
	RtlGetAppContainerNamedObjectPath [0x77AD7A6E+238]
">
      <![CDATA[org.openqa.selenium.SessionNotCreatedException: session not created: This version of ChromeDriver only supports Chrome version 103
Current browser version is 105.0.5195.102 with binary path C:\Program Files\Google\Chrome\Application\chrome.exe
Build info: version: '3.141.59', revision: 'e82be7d358', time: '2018-11-14T08:17:03'
System info: host: 'DESKTOP-U11RFUB', ip: '192.168.0.107', os.name: 'Windows 10', os.arch: 'amd64', os.version: '10.0', java.version: '1.8.0_181'
Driver info: driver.version: ChromeDriver
remote stacktrace: Backtrace:
Ordinal0 [0x009B5FD3+2187219]
Ordinal0 [0x0094E6D1+1763025]
Ordinal0 [0x00863E78+802424]
Ordinal0 [0x008851F9+938489]
Ordinal0 [0x00880DDC+921052]
Ordinal0 [0x0087E691+910993]
Ordinal0 [0x008B17F0+1120240]
Ordinal0 [0x008B144A+1119306]
Ordinal0 [0x008AC9A6+1100198]
Ordinal0 [0x00886F80+946048]
Ordinal0 [0x00887E76+949878]
GetHandleVerifier [0x00C590C2+2721218]
GetHandleVerifier [0x00C4AAF0+2662384]
GetHandleVerifier [0x00A4137A+526458]
GetHandleVerifier [0x00A40416+522518]
Ordinal0 [0x00954EAB+1789611]
Ordinal0 [0x009597A8+1808296]
Ordinal0 [0x00959895+1808533]
Ordinal0 [0x009626C1+1844929]
BaseThreadInitThunk [0x76CEFA29+25]
RtlGetAppContainerNamedObjectPath [0x77AD7A9E+286]
RtlGetAppContainerNamedObjectPath [0x77AD7A6E+238]

at org.openqa.selenium.remote.W3CHandshakeResponse.lambda$errorHandler$0(W3CHandshakeResponse.java:62)
at org.openqa.selenium.remote.HandshakeResponse.lambda$getResponseFunction$0(HandshakeResponse.java:30)
at org.openqa.selenium.remote.ProtocolHandshake.lambda$createSession$0(ProtocolHandshake.java:126)
at java.util.stream.ReferencePipeline$3$1.accept(Unknown Source)
at java.util.Spliterators$ArraySpliterator.tryAdvance(Unknown Source)
at java.util.stream.ReferencePipeline.forEachWithCancel(Unknown Source)
at java.util.stream.AbstractPipeline.copyIntoWithCancel(Unknown Source)
at java.util.stream.AbstractPipeline.copyInto(Unknown Source)
at java.util.stream.AbstractPipeline.wrapAndCopyInto(Unknown Source)
at java.util.stream.FindOps$FindOp.evaluateSequential(Unknown Source)
at java.util.stream.AbstractPipeline.evaluate(Unknown Source)
at java.util.stream.ReferencePipeline.findFirst(Unknown Source)
at org.openqa.selenium.remote.ProtocolHandshake.createSession(ProtocolHandshake.java:128)
at org.openqa.selenium.remote.ProtocolHandshake.createSession(ProtocolHandshake.java:74)
at org.openqa.selenium.remote.HttpCommandExecutor.execute(HttpCommandExecutor.java:136)
at org.openqa.selenium.remote.service.DriverCommandExecutor.execute(DriverCommandExecutor.java:83)
at org.openqa.selenium.remote.RemoteWebDriver.execute(RemoteWebDriver.java:552)
at org.openqa.selenium.remote.RemoteWebDriver.startSession(RemoteWebDriver.java:213)
at org.openqa.selenium.remote.RemoteWebDriver.<init>(RemoteWebDriver.java:131)
at org.openqa.selenium.chrome.ChromeDriver.<init>(ChromeDriver.java:181)
at org.openqa.selenium.chrome.ChromeDriver.<init>(ChromeDriver.java:168)
at org.openqa.selenium.chrome.ChromeDriver.<init>(ChromeDriver.java:123)
at testpackage.ActiTimeLogin.setUP(ActiTimeLogin.java:16)
... Removed 32 stack frames]]>
    </failure>
  </testcase> <!-- @BeforeMethod setUP -->
  <testcase name="@AfterMethod tearDown" time="0.0" classname="testpackage.ActiTimeLogin">
    <skipped/>
  </testcase> <!-- @AfterMethod tearDown -->
  <testcase name="testLogin" time="0.0" classname="testpackage.ActiTimeLogin">
    <skipped/>
  </testcase> <!-- testLogin -->
</testsuite> <!-- Test -->
