<?xml version="1.0" encoding="UTF-8"?>
<!-- Generated by org.testng.reporters.JUnitReportReporter -->
<testsuite skipped="1" hostname="DESKTOP-U11RFUB" name="testpackage.ActiTimeLogin" tests="2" failures="0" timestamp="11 Sep 2022 16:37:29 GMT" time="2.373" errors="1">
  <testcase name="setUP" time="2.373" classname="testpackage.ActiTimeLogin">
    <error type="org.openqa.selenium.SessionNotCreatedException" message="session not created: This version of ChromeDriver only supports Chrome version 103
Current browser version is 105.0.5195.102 with binary path C:\Program Files\Google\Chrome\Application\chrome.exe
Build info: version: &#039;3.141.59&#039;, revision: &#039;e82be7d358&#039;, time: &#039;2018-11-14T08:17:03&#039;
System info: host: &#039;DESKTOP-U11RFUB&#039;, ip: &#039;192.168.0.108&#039;, os.name: &#039;Windows 10&#039;, os.arch: &#039;amd64&#039;, os.version: &#039;10.0&#039;, java.version: &#039;1.8.0_181&#039;
Driver info: driver.version: ChromeDriver
remote stacktrace: Backtrace:
	Ordinal0 [0x00925FD3+2187219]
	Ordinal0 [0x008BE6D1+1763025]
	Ordinal0 [0x007D3E78+802424]
	Ordinal0 [0x007F51F9+938489]
	Ordinal0 [0x007F0DDC+921052]
	Ordinal0 [0x007EE691+910993]
	Ordinal0 [0x008217F0+1120240]
	Ordinal0 [0x0082144A+1119306]
	Ordinal0 [0x0081C9A6+1100198]
	Ordinal0 [0x007F6F80+946048]
	Ordinal0 [0x007F7E76+949878]
	GetHandleVerifier [0x00BC90C2+2721218]
	GetHandleVerifier [0x00BBAAF0+2662384]
	GetHandleVerifier [0x009B137A+526458]
	GetHandleVerifier [0x009B0416+522518]
	Ordinal0 [0x008C4EAB+1789611]
	Ordinal0 [0x008C97A8+1808296]
	Ordinal0 [0x008C9895+1808533]
	Ordinal0 [0x008D26C1+1844929]
	BaseThreadInitThunk [0x76CEFA29+25]
	RtlGetAppContainerNamedObjectPath [0x77AD7A9E+286]
	RtlGetAppContainerNamedObjectPath [0x77AD7A6E+238]
">
      <![CDATA[org.openqa.selenium.SessionNotCreatedException: session not created: This version of ChromeDriver only supports Chrome version 103
Current browser version is 105.0.5195.102 with binary path C:\Program Files\Google\Chrome\Application\chrome.exe
Build info: version: '3.141.59', revision: 'e82be7d358', time: '2018-11-14T08:17:03'
System info: host: 'DESKTOP-U11RFUB', ip: '192.168.0.108', os.name: 'Windows 10', os.arch: 'amd64', os.version: '10.0', java.version: '1.8.0_181'
Driver info: driver.version: ChromeDriver
remote stacktrace: Backtrace:
Ordinal0 [0x00925FD3+2187219]
Ordinal0 [0x008BE6D1+1763025]
Ordinal0 [0x007D3E78+802424]
Ordinal0 [0x007F51F9+938489]
Ordinal0 [0x007F0DDC+921052]
Ordinal0 [0x007EE691+910993]
Ordinal0 [0x008217F0+1120240]
Ordinal0 [0x0082144A+1119306]
Ordinal0 [0x0081C9A6+1100198]
Ordinal0 [0x007F6F80+946048]
Ordinal0 [0x007F7E76+949878]
GetHandleVerifier [0x00BC90C2+2721218]
GetHandleVerifier [0x00BBAAF0+2662384]
GetHandleVerifier [0x009B137A+526458]
GetHandleVerifier [0x009B0416+522518]
Ordinal0 [0x008C4EAB+1789611]
Ordinal0 [0x008C97A8+1808296]
Ordinal0 [0x008C9895+1808533]
Ordinal0 [0x008D26C1+1844929]
BaseThreadInitThunk [0x76CEFA29+25]
RtlGetAppContainerNamedObjectPath [0x77AD7A9E+286]
RtlGetAppContainerNamedObjectPath [0x77AD7A6E+238]

at sun.reflect.NativeConstructorAccessorImpl.newInstance0(Native Method)
at sun.reflect.NativeConstructorAccessorImpl.newInstance(Unknown Source)
at sun.reflect.DelegatingConstructorAccessorImpl.newInstance(Unknown Source)
at java.lang.reflect.Constructor.newInstance(Unknown Source)
at org.openqa.selenium.remote.W3CHandshakeResponse.lambda$errorHandler$0(W3CHandshakeResponse.java:62)
at org.openqa.selenium.remote.HandshakeResponse.lambda$getResponseFunction$0(HandshakeResponse.java:30)
at org.openqa.selenium.remote.ProtocolHandshake.lambda$createSession$0(ProtocolHandshake.java:126)
at java.util.stream.ReferencePipeline$3$1.accept(Unknown Source)
at java.util.Spliterators$ArraySpliterator.tryAdvance(Unknown Source)
at java.util.stream.ReferencePipeline.forEachWithCancel(Unknown Source)
at java.util.stream.AbstractPipeline.copyIntoWithCancel(Unknown Source)
at java.util.stream.AbstractPipeline.copyInto(Unknown Source)
at java.util.stream.AbstractPipeline.wrapAndCopyInto(Unknown Source)
at java.util.stream.FindOps$FindOp.evaluateSequential(Unknown Source)
at java.util.stream.AbstractPipeline.evaluate(Unknown Source)
at java.util.stream.ReferencePipeline.findFirst(Unknown Source)
at org.openqa.selenium.remote.ProtocolHandshake.createSession(ProtocolHandshake.java:128)
at org.openqa.selenium.remote.ProtocolHandshake.createSession(ProtocolHandshake.java:74)
at org.openqa.selenium.remote.HttpCommandExecutor.execute(HttpCommandExecutor.java:136)
at org.openqa.selenium.remote.service.DriverCommandExecutor.execute(DriverCommandExecutor.java:83)
at org.openqa.selenium.remote.RemoteWebDriver.execute(RemoteWebDriver.java:552)
at org.openqa.selenium.remote.RemoteWebDriver.startSession(RemoteWebDriver.java:213)
at org.openqa.selenium.remote.RemoteWebDriver.<init>(RemoteWebDriver.java:131)
at org.openqa.selenium.chrome.ChromeDriver.<init>(ChromeDriver.java:181)
at org.openqa.selenium.chrome.ChromeDriver.<init>(ChromeDriver.java:168)
at org.openqa.selenium.chrome.ChromeDriver.<init>(ChromeDriver.java:123)
at testpackage.ActiTimeLogin.setUP(ActiTimeLogin.java:16)
at sun.reflect.NativeMethodAccessorImpl.invoke0(Native Method)
at sun.reflect.NativeMethodAccessorImpl.invoke(Unknown Source)
at sun.reflect.DelegatingMethodAccessorImpl.invoke(Unknown Source)
at java.lang.reflect.Method.invoke(Unknown Source)
at org.testng.internal.MethodInvocationHelper.invokeMethod(MethodInvocationHelper.java:124)
at org.testng.internal.MethodInvocationHelper.invokeMethodConsideringTimeout(MethodInvocationHelper.java:59)
at org.testng.internal.Invoker.invokeConfigurationMethod(Invoker.java:458)
at org.testng.internal.Invoker.invokeConfigurations(Invoker.java:222)
at org.testng.internal.Invoker.invokeMethod(Invoker.java:523)
at org.testng.internal.Invoker.invokeTestMethod(Invoker.java:719)
at org.testng.internal.Invoker.invokeTestMethods(Invoker.java:989)
at org.testng.internal.TestMethodWorker.invokeTestMethods(TestMethodWorker.java:125)
at org.testng.internal.TestMethodWorker.run(TestMethodWorker.java:109)
at org.testng.TestRunner.privateRun(TestRunner.java:648)
at org.testng.TestRunner.run(TestRunner.java:505)
at org.testng.SuiteRunner.runTest(SuiteRunner.java:455)
at org.testng.SuiteRunner.runSequentially(SuiteRunner.java:450)
at org.testng.SuiteRunner.privateRun(SuiteRunner.java:415)
at org.testng.SuiteRunner.run(SuiteRunner.java:364)
at org.testng.SuiteRunnerWorker.runSuite(SuiteRunnerWorker.java:52)
at org.testng.SuiteRunnerWorker.run(SuiteRunnerWorker.java:84)
at org.testng.TestNG.runSuitesSequentially(TestNG.java:1208)
at org.testng.TestNG.runSuitesLocally(TestNG.java:1137)
at org.testng.TestNG.runSuites(TestNG.java:1049)
at org.testng.TestNG.run(TestNG.java:1017)
at org.testng.remote.AbstractRemoteTestNG.run(AbstractRemoteTestNG.java:115)
at org.testng.remote.RemoteTestNG.initAndRun(RemoteTestNG.java:251)
at org.testng.remote.RemoteTestNG.main(RemoteTestNG.java:77)
]]>
    </error>
  </testcase> <!-- setUP -->
  <testcase name="testLogin" time="0.000" classname="testpackage.ActiTimeLogin">
    <skipped/>
  </testcase> <!-- testLogin -->
</testsuite> <!-- testpackage.ActiTimeLogin -->
